This is pdfTeX, Version 3.14159265-2.6-1.40.19 (MiKTeX 2.9.6930 64-bit) (preloaded format=pdflatex 2019.2.12)  26 FEB 2019 02:50
entering extended mode
**./main.tex
(main.tex
LaTeX2e <2018-12-01>
(wileySix.cls


 Wiley Book Style, Design No.: SD 001C
 and SD 004B
 
 Written by Amy Hendrickson, TeXnology, Inc.
 
 This version is dated Feb 16, 2011


\phspace=\dimen102
\SpaceAboveChapterNumber=\dimen103
\savefootnotenumber=\count80
\ftnum=\count81
\saveftnum=\count82
\c@chapapp=\count83
\c@part=\count84
\c@chapter=\count85
\c@section=\count86
\c@subsection=\count87
\c@subsubsection=\count88
\c@paragraph=\count89
\c@subparagraph=\count90
\c@figure=\count91
\c@table=\count92
\abovecaptionskip=\skip41
\belowcaptionskip=\skip42
\partskip=\skip43
\tabandfigskip=\skip44
\footnum=\count93
\savefootnum=\count94
\@indexfile=\write3
\openout3 = `main.idx'.

Writing index file main.idx
\iletterskip=\skip45
\timing=\count95
\hourcount=\count96
\oldtime=\count97
\probcount=\count98
\subprobcount=\count99
\c@subproblem=\count100
\c@subproblem=\count101
\widthofcropmarks=\dimen104
\raisetopcropmarks=\dimen105
\raisebottomcropmarks=\dimen106
\movecropmarksright=\dimen107
\c@theorem=\count102
\c@appfootnote=\count103
\slugwidth=\dimen108
\slugheight=\dimen109
\slugdepth=\dimen110
\c@exampnum=\count104
\c@algo=\count105
\c@algorithm=\count106
\chapskip=\dimen111
\chapheight=\dimen112
\authorskip=\dimen113
) ("C:\Program Files\MiKTeX 2.9\tex/latex/graphics\graphicx.sty"
Package: graphicx 2017/06/01 v1.1a Enhanced LaTeX Graphics (DPC,SPQR)

("C:\Program Files\MiKTeX 2.9\tex/latex/graphics\keyval.sty"
Package: keyval 2014/10/28 v1.15 key=value parser (DPC)
\KV@toks@=\toks14
)
("C:\Program Files\MiKTeX 2.9\tex/latex/graphics\graphics.sty"
Package: graphics 2017/06/25 v1.2c Standard LaTeX Graphics (DPC,SPQR)

("C:\Program Files\MiKTeX 2.9\tex/latex/graphics\trig.sty"
Package: trig 2016/01/03 v1.10 sin cos tan (DPC)
)
("C:\Program Files\MiKTeX 2.9\tex/latex/graphics-cfg\graphics.cfg"
File: graphics.cfg 2016/06/04 v1.11 sample graphics configuration
)
Package graphics Info: Driver file: pdftex.def on input line 99.

("C:\Program Files\MiKTeX 2.9\tex/latex/graphics-def\pdftex.def"
File: pdftex.def 2018/01/08 v1.0l Graphics/color driver for pdftex
))
\Gin@req@height=\dimen114
\Gin@req@width=\dimen115
)
("C:\Program Files\MiKTeX 2.9\tex/latex/listings\listings.sty"
\lst@mode=\count107
\lst@gtempboxa=\box27
\lst@token=\toks15
\lst@length=\count108
\lst@currlwidth=\dimen116
\lst@column=\count109
\lst@pos=\count110
\lst@lostspace=\dimen117
\lst@width=\dimen118
\lst@newlines=\count111
\lst@lineno=\count112
\lst@maxwidth=\dimen119

("C:\Program Files\MiKTeX 2.9\tex/latex/listings\lstmisc.sty"
File: lstmisc.sty 2018/09/02 1.7 (Carsten Heinz)
\c@lstnumber=\count113
\lst@skipnumbers=\count114
\lst@framebox=\box28
)
("C:\Program Files\MiKTeX 2.9\tex/latex/listings\listings.cfg"
File: listings.cfg 2018/09/02 1.7 listings configuration
))
Package: listings 2018/09/02 1.7 (Carsten Heinz)

("C:\Program Files\MiKTeX 2.9\tex/latex/float\float.sty"
Package: float 2001/11/08 v1.3d Float enhancements (AL)
\c@float@type=\count115
\float@exts=\toks16
\float@box=\box29
\@float@everytoks=\toks17
\@floatcapt=\box30
)
("C:\Program Files\MiKTeX 2.9\tex/latex/graphics\color.sty"
Package: color 2016/07/10 v1.1e Standard LaTeX Color (DPC)

("C:\Program Files\MiKTeX 2.9\tex/latex/graphics-cfg\color.cfg"
File: color.cfg 2016/01/02 v1.6 sample color configuration
)
Package color Info: Driver file: pdftex.def on input line 147.
)
("C:\Program Files\MiKTeX 2.9\tex/latex/listings\lstlang1.sty"
File: lstlang1.sty 2018/09/02 1.7 listings language file
) (w-bookps.sty


 Using PostScript Fonts

 Wiley Monograph/Edited Book Style
 Feb 16, 2012

 
)
\sectsavebox=\box31
LaTeX Font Info:    External font `cmex10' loaded for size
(Font)              <7> on input line 124.
LaTeX Font Info:    External font `cmex10' loaded for size
(Font)              <5> on input line 124.
 (main.aux

LaTeX Warning: Label `awal' multiply defined.


LaTeX Warning: Label `Proses' multiply defined.


LaTeX Warning: Label `spyder' multiply defined.


LaTeX Warning: Label `awal' multiply defined.


LaTeX Warning: Label `next' multiply defined.


LaTeX Warning: Label `lisensi' multiply defined.


LaTeX Warning: Label `skip' multiply defined.


LaTeX Warning: Label `selesai' multiply defined.


LaTeX Warning: Label `spyder' multiply defined.


LaTeX Warning: Label `awal' multiply defined.


LaTeX Warning: Label `License' multiply defined.


LaTeX Warning: Label `User' multiply defined.


LaTeX Warning: Label `Directory' multiply defined.


LaTeX Warning: Label `opsi' multiply defined.


LaTeX Warning: Label `Proses' multiply defined.


LaTeX Warning: Label `Proses' multiply defined.


LaTeX Warning: Label `offering' multiply defined.


LaTeX Warning: Label `akhir' multiply defined.


LaTeX Warning: Label `spyder' multiply defined.


LaTeX Warning: Label `awal' multiply defined.


LaTeX Warning: Label `awal' multiply defined.


LaTeX Warning: Label `awal' multiply defined.


LaTeX Warning: Label `awal' multiply defined.


LaTeX Warning: Label `awal' multiply defined.


LaTeX Warning: Label `awal' multiply defined.


LaTeX Warning: Label `awal' multiply defined.


LaTeX Warning: Label `awal' multiply defined.


LaTeX Warning: Label `awal' multiply defined.


LaTeX Warning: Label `awal' multiply defined.


LaTeX Warning: Label `License' multiply defined.


LaTeX Warning: Label `User' multiply defined.


LaTeX Warning: Label `Directory' multiply defined.


LaTeX Warning: Label `opsi' multiply defined.


LaTeX Warning: Label `Proses' multiply defined.


LaTeX Warning: Label `Proses' multiply defined.


LaTeX Warning: Label `offering' multiply defined.


LaTeX Warning: Label `offering' multiply defined.


LaTeX Warning: Label `akhir' multiply defined.


LaTeX Warning: Label `akhir' multiply defined.


LaTeX Warning: Label `akhir' multiply defined.


LaTeX Warning: Label `awal' multiply defined.


LaTeX Warning: Label `Finish' multiply defined.


LaTeX Warning: Label `spyder' multiply defined.


LaTeX Warning: Label `awal' multiply defined.


LaTeX Warning: Label `lisensi' multiply defined.


LaTeX Warning: Label `awal' multiply defined.


LaTeX Warning: Label `License' multiply defined.


LaTeX Warning: Label `User' multiply defined.


LaTeX Warning: Label `Directory' multiply defined.


LaTeX Warning: Label `opsi' multiply defined.


LaTeX Warning: Label `Proses' multiply defined.


LaTeX Warning: Label `Proses' multiply defined.


LaTeX Warning: Label `offering' multiply defined.


LaTeX Warning: Label `offering' multiply defined.


LaTeX Warning: Label `akhir' multiply defined.


LaTeX Warning: Label `awal' multiply defined.


LaTeX Warning: Label `License' multiply defined.


LaTeX Warning: Label `User' multiply defined.


LaTeX Warning: Label `Directory' multiply defined.


LaTeX Warning: Label `opsi' multiply defined.


LaTeX Warning: Label `Proses' multiply defined.


LaTeX Warning: Label `Proses' multiply defined.


LaTeX Warning: Label `offering' multiply defined.


LaTeX Warning: Label `offering' multiply defined.


LaTeX Warning: Label `akhir' multiply defined.


LaTeX Warning: Label `Awal' multiply defined.


LaTeX Warning: Label `Proses' multiply defined.


LaTeX Warning: Label `awal' multiply defined.


LaTeX Warning: Label `License' multiply defined.


LaTeX Warning: Label `User' multiply defined.


LaTeX Warning: Label `Directory' multiply defined.


LaTeX Warning: Label `opsi' multiply defined.


LaTeX Warning: Label `Proses' multiply defined.


LaTeX Warning: Label `Proses' multiply defined.


LaTeX Warning: Label `offering' multiply defined.


LaTeX Warning: Label `akhir' multiply defined.


LaTeX Warning: Label `instalasi' multiply defined.


LaTeX Warning: Label `instalasi' multiply defined.


LaTeX Warning: Label `instalasi' multiply defined.


LaTeX Warning: Label `instalasi' multiply defined.


LaTeX Warning: Label `instalasi' multiply defined.


LaTeX Warning: Label `instalasi' multiply defined.


LaTeX Warning: Label `instalasi' multiply defined.

)
\openout1 = `main.aux'.

LaTeX Font Info:    Checking defaults for OML/cmm/m/it on input line 129.
LaTeX Font Info:    ... okay on input line 129.
LaTeX Font Info:    Checking defaults for T1/cmr/m/n on input line 129.
LaTeX Font Info:    ... okay on input line 129.
LaTeX Font Info:    Checking defaults for OT1/cmr/m/n on input line 129.
LaTeX Font Info:    ... okay on input line 129.
LaTeX Font Info:    Checking defaults for OMS/cmsy/m/n on input line 129.
LaTeX Font Info:    ... okay on input line 129.
LaTeX Font Info:    Checking defaults for OMX/cmex/m/n on input line 129.
LaTeX Font Info:    ... okay on input line 129.
LaTeX Font Info:    Checking defaults for U/cmr/m/n on input line 129.
LaTeX Font Info:    ... okay on input line 129.
LaTeX Font Info:    Try loading font information for OT1+ptm on input line 129.

 ("C:\Program Files\MiKTeX 2.9\tex/latex/psnfss\ot1ptm.fd"
File: ot1ptm.fd 2001/06/04 font definitions for OT1/ptm.
)
("C:\Program Files\MiKTeX 2.9\tex/context/base\supp-pdf.mkii"
[Loading MPS to PDF converter (version 2006.09.02).]
\scratchcounter=\count116
\scratchdimen=\dimen120
\scratchbox=\box32
\nofMPsegments=\count117
\nofMParguments=\count118
\everyMPshowfont=\toks18
\MPscratchCnt=\count119
\MPscratchDim=\dimen121
\MPnumerator=\count120
\makeMPintoPDFobject=\count121
\everyMPtoPDFconversion=\toks19
) ("C:\Program Files\MiKTeX 2.9\tex/latex/oberdiek\epstopdf-base.sty"
Package: epstopdf-base 2016/05/15 v2.6 Base part for package epstopdf

("C:\Program Files\MiKTeX 2.9\tex/generic/oberdiek\infwarerr.sty"
Package: infwarerr 2016/05/16 v1.4 Providing info/warning/error messages (HO)
)
("C:\Program Files\MiKTeX 2.9\tex/latex/oberdiek\grfext.sty"
Package: grfext 2016/05/16 v1.2 Manage graphics extensions (HO)

("C:\Program Files\MiKTeX 2.9\tex/generic/oberdiek\kvdefinekeys.sty"
Package: kvdefinekeys 2016/05/16 v1.4 Define keys (HO)

("C:\Program Files\MiKTeX 2.9\tex/generic/oberdiek\ltxcmds.sty"
Package: ltxcmds 2016/05/16 v1.23 LaTeX kernel commands for general use (HO)
)))
("C:\Program Files\MiKTeX 2.9\tex/latex/oberdiek\kvoptions.sty"
Package: kvoptions 2016/05/16 v3.12 Key value format for package options (HO)

("C:\Program Files\MiKTeX 2.9\tex/generic/oberdiek\kvsetkeys.sty"
Package: kvsetkeys 2016/05/16 v1.17 Key value parser (HO)

("C:\Program Files\MiKTeX 2.9\tex/generic/oberdiek\etexcmds.sty"
Package: etexcmds 2016/05/16 v1.6 Avoid name clashes with e-TeX commands (HO)

("C:\Program Files\MiKTeX 2.9\tex/generic/oberdiek\ifluatex.sty"
Package: ifluatex 2016/05/16 v1.4 Provides the ifluatex switch (HO)
Package ifluatex Info: LuaTeX not detected.
))))
("C:\Program Files\MiKTeX 2.9\tex/generic/oberdiek\pdftexcmds.sty"
Package: pdftexcmds 2018/09/10 v0.29 Utility functions of pdfTeX for LuaTeX (HO
)

("C:\Program Files\MiKTeX 2.9\tex/generic/oberdiek\ifpdf.sty"
Package: ifpdf 2018/09/07 v3.3 Provides the ifpdf switch
)
Package pdftexcmds Info: LuaTeX not detected.
Package pdftexcmds Info: \pdf@primitive is available.
Package pdftexcmds Info: \pdf@ifprimitive is available.
Package pdftexcmds Info: \pdfdraftmode found.
)
Package epstopdf-base Info: Redefining graphics rule for `.eps' on input line 4
38.
Package grfext Info: Graphics extension search list:
(grfext)             [.pdf,.png,.jpg,.mps,.jpeg,.jbig2,.jb2,.PDF,.PNG,.JPG,.JPE
G,.JBIG2,.JB2,.eps]
(grfext)             \AppendGraphicsExtensions on input line 456.
)
\c@lstlisting=\count122
LaTeX Font Info:    Font shape `OT1/ptm/bx/n' in size <17.28> not available
(Font)              Font shape `OT1/ptm/b/n' tried instead on input line 148.
 [1{C:/Users/Rahmatul Ridha/AppData/Local/MiKTeX/2.9/pdftex/config/pdftex.map}]
 [2]
LaTeX Font Info:    Font shape `OT1/ptm/bx/n' in size <24.88> not available
(Font)              Font shape `OT1/ptm/b/n' tried instead on input line 150.

Overfull \hbox (18.37917pt too wide) in paragraph at lines 150--150
[]\titlefont CERDAS MEN-GUA-SAI PYTHON 
 []

<kreatiflogo.png, id=9, 437.635pt x 207.77625pt>
File: kreatiflogo.png Graphic file (type png)
<use kreatiflogo.png>
Package pdftex.def Info: kreatiflogo.png  used on input line 150.
(pdftex.def)             Requested size: 122.85876pt x 58.32912pt.
[3 <./kreatiflogo.png>] (info/copyrightpage.tex)
Underfull \hbox (badness 10000) in paragraph at lines 155--155

 []


Underfull \hbox (badness 10000) in paragraph at lines 155--155

 []


Underfull \hbox (badness 10000) in paragraph at lines 155--155

 []


Underfull \hbox (badness 10000) in paragraph at lines 155--155

 []

[4] [5

]
LaTeX Font Info:    Font shape `OT1/ptm/bx/n' in size <14.4> not available
(Font)              Font shape `OT1/ptm/b/n' tried instead on input line 161.
 (info/contributors.tex) [5] [6

] (main.toc) [7] [8

] (main.toc
Underfull \hbox (badness 10000) in paragraph at lines 10--10
 [] []  
 []

[9]
Underfull \vbox (badness 10000) has occurred while \output is active []


Overfull \vbox (4.85098pt too high) has occurred while \output is active []


Underfull \hbox (badness 10000) has occurred while \output is active
[]
 []

[10]
Underfull \vbox (badness 10000) has occurred while \output is active []


Overfull \vbox (4.85098pt too high) has occurred while \output is active []


Underfull \hbox (badness 10000) has occurred while \output is active
[]
 []

[11])
\tf@toc=\write4
\openout4 = `main.toc'.


Overfull \vbox (4.85098pt too high) has occurred while \output is active []


Underfull \hbox (badness 10000) has occurred while \output is active
[]
 []

[12] (main.lof [13

]
Overfull \vbox (4.85098pt too high) has occurred while \output is active []


Underfull \hbox (badness 10000) has occurred while \output is active
[]
 []

[14]
Overfull \vbox (4.85098pt too high) has occurred while \output is active []


Underfull \hbox (badness 10000) has occurred while \output is active
[]
 []

[15]
Overfull \vbox (4.85098pt too high) has occurred while \output is active []


Underfull \hbox (badness 10000) has occurred while \output is active
[]
 []

[16])
\tf@lof=\write5
\openout5 = `main.lof'.


Overfull \vbox (4.85098pt too high) has occurred while \output is active []


Underfull \hbox (badness 10000) has occurred while \output is active
[]
 []

[17] [18

] (main.lot)
\tf@lot=\write6
\openout6 = `main.lot'.

 [19] [20

] (main.lol)
\tf@lol=\write7
\openout7 = `main.lol'.

 [21] [22

] (info/foreword.tex)
[23] [24

] (info/preface.tex) [25] [26

] (info/acknowledgments.tex [27]) [28

]
(info/acronyms.tex)
LaTeX Font Info:    Try loading font information for OMS+ptm on input line 187.

 ("C:\Program Files\MiKTeX 2.9\tex/latex/psnfss\omsptm.fd"
File: omsptm.fd 
)
LaTeX Font Info:    Font shape `OMS/ptm/m/n' in size <8> not available
(Font)              Font shape `OMS/cmsy/m/n' tried instead on input line 187.

[29] [30

] (info/glossary.tex) [31] [32

] (info/symbols.tex) [33] [34

]
(info/introduction.tex
LaTeX Font Info:    Font shape `OT1/ptm/bx/n' in size <10> not available
(Font)              Font shape `OT1/ptm/b/n' tried instead on input line 13.


LaTeX Warning: Citation `awangga2018sampeu' on page xxxv undefined on input lin
e 13.

) [35] [36

]
Bab 1.
LaTeX Font Info:    External font `cmex10' loaded for size
(Font)              <14.4> on input line 203.
(chapters/1.tex
LaTeX Font Info:    Font shape `OT1/ptm/bx/n' in size <12> not available
(Font)              Font shape `OT1/ptm/b/n' tried instead on input line 1.

Underfull \vbox (badness 10000) has occurred while \output is active []

 [1]
<figures/1.png, id=137, 1028.34187pt x 578.16pt>
File: figures/1.png Graphic file (type png)
<use figures/1.png>
Package pdftex.def Info: figures/1.png  used on input line 11.
(pdftex.def)             Requested size: 85.3445pt x 85.35284pt.
<figures/2.png, id=138, 1028.34187pt x 578.16pt>
File: figures/2.png Graphic file (type png)
<use figures/2.png>
Package pdftex.def Info: figures/2.png  used on input line 19.
(pdftex.def)             Requested size: 85.3445pt x 85.35284pt.
<figures/3.png, id=139, 1028.34187pt x 578.16pt>
File: figures/3.png Graphic file (type png)
<use figures/3.png>
Package pdftex.def Info: figures/3.png  used on input line 27.
(pdftex.def)             Requested size: 85.3445pt x 85.35284pt.
<figures/4.png, id=140, 1028.34187pt x 578.16pt>
File: figures/4.png Graphic file (type png)
<use figures/4.png>
Package pdftex.def Info: figures/4.png  used on input line 35.
(pdftex.def)             Requested size: 85.3445pt x 85.35284pt.
<figures/5.png, id=141, 1028.34187pt x 578.16pt>
File: figures/5.png Graphic file (type png)
<use figures/5.png>
Package pdftex.def Info: figures/5.png  used on input line 43.
(pdftex.def)             Requested size: 85.3445pt x 85.35284pt.
<figures/6.png, id=142, 1028.34187pt x 578.16pt>
File: figures/6.png Graphic file (type png)
<use figures/6.png>
Package pdftex.def Info: figures/6.png  used on input line 53.
(pdftex.def)             Requested size: 85.3445pt x 85.35284pt.

Overfull \vbox (6.372pt too high) has occurred while \output is active []


Underfull \hbox (badness 10000) has occurred while \output is active
[]
 []

[2 <./figures/1.png> <./figures/2.png> <./figures/3.png>]
Overfull \hbox (0.98723pt too wide) in paragraph at lines 63--64
\OT1/ptm/m/n/10 men-jadi pe-rusa-haan komer-sial un-tuk BeOpen.com dan men-cip-
takan BeOpen Python-
 []


Overfull \vbox (6.372pt too high) has occurred while \output is active []


Underfull \hbox (badness 10000) has occurred while \output is active
[]
 []

[3 <./figures/4.png> <./figures/5.png> <./figures/6.png>]
Overfull \vbox (6.372pt too high) has occurred while \output is active []


Underfull \hbox (badness 10000) has occurred while \output is active
[]
 []

[4]

LaTeX Warning: Citation `roihan2017monitoring' on page 5 undefined on input lin
e 107.

<figures/diva/1chp1diva.png, id=152, 374.90062pt x 292.09125pt>
File: figures/diva/1chp1diva.png Graphic file (type png)
<use figures/diva/1chp1diva.png>
Package pdftex.def Info: figures/diva/1chp1diva.png  used on input line 117.
(pdftex.def)             Requested size: 284.52756pt x 221.69302pt.
<figures/diva/2chp1diva.png, id=153, 375.65344pt x 291.33844pt>
File: figures/diva/2chp1diva.png Graphic file (type png)
<use figures/diva/2chp1diva.png>
Package pdftex.def Info: figures/diva/2chp1diva.png  used on input line 123.
(pdftex.def)             Requested size: 284.52756pt x 220.68156pt.

Overfull \vbox (6.372pt too high) has occurred while \output is active []


Underfull \hbox (badness 10000) has occurred while \output is active
[]
 []

[5 <./figures/diva/1chp1diva.png>]
<figures/diva/3chp1diva.png, id=158, 374.90062pt x 292.09125pt>
File: figures/diva/3chp1diva.png Graphic file (type png)
<use figures/diva/3chp1diva.png>
Package pdftex.def Info: figures/diva/3chp1diva.png  used on input line 129.
(pdftex.def)             Requested size: 284.52756pt x 221.69302pt.
<figures/diva/4chp1diva.png, id=159, 375.65344pt x 291.33844pt>
File: figures/diva/4chp1diva.png Graphic file (type png)
<use figures/diva/4chp1diva.png>
Package pdftex.def Info: figures/diva/4chp1diva.png  used on input line 135.
(pdftex.def)             Requested size: 284.52756pt x 220.68156pt.

Overfull \vbox (6.372pt too high) has occurred while \output is active []


Underfull \hbox (badness 10000) has occurred while \output is active
[]
 []

[6 <./figures/diva/2chp1diva.png> <./figures/diva/3chp1diva.png>]
<figures/diva/5chp1diva.png, id=166, 376.40625pt x 292.09125pt>
File: figures/diva/5chp1diva.png Graphic file (type png)
<use figures/diva/5chp1diva.png>
Package pdftex.def Info: figures/diva/5chp1diva.png  used on input line 141.
(pdftex.def)             Requested size: 284.52756pt x 220.81055pt.
<figures/diva/6chp1diva.png, id=167, 374.90062pt x 290.58563pt>
File: figures/diva/6chp1diva.png Graphic file (type png)
<use figures/diva/6chp1diva.png>
Package pdftex.def Info: figures/diva/6chp1diva.png  used on input line 147.
(pdftex.def)             Requested size: 284.52756pt x 220.5503pt.

Overfull \vbox (6.372pt too high) has occurred while \output is active []


Underfull \hbox (badness 10000) has occurred while \output is active
[]
 []

[7 <./figures/diva/4chp1diva.png> <./figures/diva/5chp1diva.png>]
<figures/diva/7chp1diva.png, id=173, 374.90062pt x 292.09125pt>
File: figures/diva/7chp1diva.png Graphic file (type png)
<use figures/diva/7chp1diva.png>
Package pdftex.def Info: figures/diva/7chp1diva.png  used on input line 153.
(pdftex.def)             Requested size: 284.52756pt x 221.69302pt.
<figures/diva/8chp1diva.png, id=174, 376.40625pt x 293.59688pt>
File: figures/diva/8chp1diva.png Graphic file (type png)
<use figures/diva/8chp1diva.png>
Package pdftex.def Info: figures/diva/8chp1diva.png  used on input line 159.
(pdftex.def)             Requested size: 284.52756pt x 221.94875pt.

Underfull \vbox (badness 4967) has occurred while \output is active []


Overfull \vbox (6.372pt too high) has occurred while \output is active []


Underfull \hbox (badness 10000) has occurred while \output is active
[]
 []

[8 <./figures/diva/6chp1diva.png> <./figures/diva/7chp1diva.png>]
<figures/diva/9chp1diva.png, id=180, 377.15906pt x 292.84406pt>
File: figures/diva/9chp1diva.png Graphic file (type png)
<use figures/diva/9chp1diva.png>
Package pdftex.def Info: figures/diva/9chp1diva.png  used on input line 165.
(pdftex.def)             Requested size: 284.52756pt x 220.9194pt.
<figures/diva/10chp1diva.png, id=181, 733.23938pt x 383.93437pt>
File: figures/diva/10chp1diva.png Graphic file (type png)
<use figures/diva/10chp1diva.png>
Package pdftex.def Info: figures/diva/10chp1diva.png  used on input line 171.
(pdftex.def)             Requested size: 284.52756pt x 148.98392pt.

Underfull \vbox (badness 1303) has occurred while \output is active []


Overfull \vbox (6.372pt too high) has occurred while \output is active []


Underfull \hbox (badness 10000) has occurred while \output is active
[]
 []

[9 <./figures/diva/8chp1diva.png> <./figures/diva/9chp1diva.png>]
<figures/diva/11chp1diva.png, id=187, 627.84563pt x 578.16pt>
File: figures/diva/11chp1diva.png Graphic file (type png)
<use figures/diva/11chp1diva.png>
Package pdftex.def Info: figures/diva/11chp1diva.png  used on input line 188.
(pdftex.def)             Requested size: 284.52756pt x 262.00456pt.

Underfull \vbox (badness 10000) has occurred while \output is active []


Overfull \vbox (6.372pt too high) has occurred while \output is active []


Underfull \hbox (badness 10000) has occurred while \output is active
[]
 []

[10 <./figures/diva/10chp1diva.png>]
<figures/diva/12chp1diva.png, id=192, 738.50906pt x 389.20406pt>
File: figures/diva/12chp1diva.png Graphic file (type png)
<use figures/diva/12chp1diva.png>
Package pdftex.def Info: figures/diva/12chp1diva.png  used on input line 193.
(pdftex.def)             Requested size: 284.52756pt x 149.94795pt.
<figures/diva/13chp1diva.png, id=193, 755.07094pt x 407.27156pt>
File: figures/diva/13chp1diva.png Graphic file (type png)
<use figures/diva/13chp1diva.png>
Package pdftex.def Info: figures/diva/13chp1diva.png  used on input line 198.
(pdftex.def)             Requested size: 284.52756pt x 153.46597pt.

Underfull \vbox (badness 10000) has occurred while \output is active []


Overfull \vbox (6.372pt too high) has occurred while \output is active []


Underfull \hbox (badness 10000) has occurred while \output is active
[]
 []

[11 <./figures/diva/11chp1diva.png> <./figures/diva/12chp1diva.png>]
<figures/diva/14chp1diva.png, id=199, 627.84563pt x 578.16pt>
File: figures/diva/14chp1diva.png Graphic file (type png)
<use figures/diva/14chp1diva.png>
Package pdftex.def Info: figures/diva/14chp1diva.png  used on input line 208.
(pdftex.def)             Requested size: 284.52756pt x 262.00456pt.
<figures/diva/15chp1diva.png, id=200, 1028.34187pt x 547.2947pt>
File: figures/diva/15chp1diva.png Graphic file (type png)
<use figures/diva/15chp1diva.png>
Package pdftex.def Info: figures/diva/15chp1diva.png  used on input line 213.
(pdftex.def)             Requested size: 284.52756pt x 151.42929pt.

Overfull \vbox (6.372pt too high) has occurred while \output is active []


Underfull \hbox (badness 10000) has occurred while \output is active
[]
 []

[12 <./figures/diva/13chp1diva.png> <./figures/diva/14chp1diva.png>]
<figures/diva/16chp1diva.png, id=207, 1028.34187pt x 547.2947pt>
File: figures/diva/16chp1diva.png Graphic file (type png)
<use figures/diva/16chp1diva.png>
Package pdftex.def Info: figures/diva/16chp1diva.png  used on input line 218.
(pdftex.def)             Requested size: 284.52756pt x 151.42929pt.
<figures/diva/17chp1diva.png, id=208, 395.97937pt x 286.82156pt>
File: figures/diva/17chp1diva.png Graphic file (type png)
<use figures/diva/17chp1diva.png>
Package pdftex.def Info: figures/diva/17chp1diva.png  used on input line 227.
(pdftex.def)             Requested size: 284.52756pt x 206.09558pt.

Underfull \vbox (badness 10000) has occurred while \output is active []


Overfull \vbox (6.372pt too high) has occurred while \output is active []


Underfull \hbox (badness 10000) has occurred while \output is active
[]
 []

[13 <./figures/diva/15chp1diva.png> <./figures/diva/16chp1diva.png>]
<figures/diva/18chp1diva.png, id=214, 1028.34187pt x 548.0475pt>
File: figures/diva/18chp1diva.png Graphic file (type png)
<use figures/diva/18chp1diva.png>
Package pdftex.def Info: figures/diva/18chp1diva.png  used on input line 233.
(pdftex.def)             Requested size: 284.52756pt x 151.63757pt.
<figures/diva/20chp1diva.png, id=215, 543.53062pt x 475.02469pt>
File: figures/diva/20chp1diva.png Graphic file (type png)
<use figures/diva/20chp1diva.png>
Package pdftex.def Info: figures/diva/20chp1diva.png  used on input line 241.
(pdftex.def)             Requested size: 284.52756pt x 248.6741pt.

Underfull \vbox (badness 10000) has occurred while \output is active []


Overfull \vbox (6.372pt too high) has occurred while \output is active []


Underfull \hbox (badness 10000) has occurred while \output is active
[]
 []

[14 <./figures/diva/17chp1diva.png> <./figures/diva/18chp1diva.png>]
<figures/diva/22chp1diva.png, id=221, 30.1125pt x 30.1125pt>
File: figures/diva/22chp1diva.png Graphic file (type png)
<use figures/diva/22chp1diva.png>
Package pdftex.def Info: figures/diva/22chp1diva.png  used on input line 246.
(pdftex.def)             Requested size: 56.9055pt x 56.91106pt.
<figures/diva/21chp1diva.png, id=222, 487.06969pt x 231.11343pt>
File: figures/diva/21chp1diva.png Graphic file (type png)
<use figures/diva/21chp1diva.png>
Package pdftex.def Info: figures/diva/21chp1diva.png  used on input line 251.
(pdftex.def)             Requested size: 284.52756pt x 135.00862pt.
<figures/diva/19chp1diva.png, id=223, 1028.34187pt x 548.0475pt>
File: figures/diva/19chp1diva.png Graphic file (type png)
<use figures/diva/19chp1diva.png>
Package pdftex.def Info: figures/diva/19chp1diva.png  used on input line 256.
(pdftex.def)             Requested size: 284.52756pt x 151.63757pt.

Overfull \vbox (6.372pt too high) has occurred while \output is active []


Underfull \hbox (badness 10000) has occurred while \output is active
[]
 []

[15 <./figures/diva/20chp1diva.png> <./figures/diva/22chp1diva.png> <./figures/
diva/21chp1diva.png>]
Overfull \vbox (6.372pt too high) has occurred while \output is active []


Underfull \hbox (badness 10000) has occurred while \output is active
[]
 []

[16 <./figures/diva/19chp1diva.png>]
<figures/Screenshot(80).png, id=234, 1371.1225pt x 770.88pt>
File: figures/Screenshot(80).png Graphic file (type png)
<use figures/Screenshot(80).png>
Package pdftex.def Info: figures/Screenshot(80).png  used on input line 280.
(pdftex.def)             Requested size: 85.33928pt x 85.3499pt.
<figures/Screenshot(81).png, id=235, 1371.1225pt x 770.88pt>
File: figures/Screenshot(81).png Graphic file (type png)
<use figures/Screenshot(81).png>
Package pdftex.def Info: figures/Screenshot(81).png  used on input line 288.
(pdftex.def)             Requested size: 85.33928pt x 85.3499pt.
<figures/Screenshot(82).png, id=236, 1371.1225pt x 770.88pt>
File: figures/Screenshot(82).png Graphic file (type png)
<use figures/Screenshot(82).png>
Package pdftex.def Info: figures/Screenshot(82).png  used on input line 296.
(pdftex.def)             Requested size: 85.33928pt x 85.3499pt.
<figures/Screenshot(83).png, id=237, 1371.1225pt x 770.88pt>
File: figures/Screenshot(83).png Graphic file (type png)
<use figures/Screenshot(83).png>
Package pdftex.def Info: figures/Screenshot(83).png  used on input line 304.
(pdftex.def)             Requested size: 85.33928pt x 85.3499pt.
<figures/Screenshot(84).jpeg, id=238, 496.85625pt x 377.41pt>
File: figures/Screenshot(84).jpeg Graphic file (type jpg)
<use figures/Screenshot(84).jpeg>
Package pdftex.def Info: figures/Screenshot(84).jpeg  used on input line 312.
(pdftex.def)             Requested size: 85.35146pt x 85.35701pt.
<figures/Screenshot(85).png, id=239, 1371.1225pt x 770.88pt>
File: figures/Screenshot(85).png Graphic file (type png)
<use figures/Screenshot(85).png>
Package pdftex.def Info: figures/Screenshot(85).png  used on input line 320.
(pdftex.def)             Requested size: 85.33928pt x 85.3499pt.
<figures/Screenshot(86).png, id=240, 1371.1225pt x 770.88pt>
File: figures/Screenshot(86).png Graphic file (type png)
<use figures/Screenshot(86).png>
Package pdftex.def Info: figures/Screenshot(86).png  used on input line 328.
(pdftex.def)             Requested size: 85.33928pt x 85.3499pt.
<figures/Screenshot(87).png, id=241, 1371.1225pt x 770.88pt>
File: figures/Screenshot(87).png Graphic file (type png)
<use figures/Screenshot(87).png>
Package pdftex.def Info: figures/Screenshot(87).png  used on input line 336.
(pdftex.def)             Requested size: 85.33928pt x 85.3499pt.

Overfull \vbox (6.372pt too high) has occurred while \output is active []


Underfull \hbox (badness 10000) has occurred while \output is active
[]
 []

[17 <./figures/Screenshot(80).png> <./figures/Screenshot(81).png> <./figures/Sc
reenshot(82).png>]
Overfull \vbox (6.372pt too high) has occurred while \output is active []


Underfull \hbox (badness 10000) has occurred while \output is active
[]
 []

[18 <./figures/Screenshot(83).png> <./figures/Screenshot(84).jpeg> <./figures/S
creenshot(85).png> <./figures/Screenshot(86).png>]
<figures/Screenshot(88).png, id=255, 1371.1225pt x 770.88pt>
File: figures/Screenshot(88).png Graphic file (type png)
<use figures/Screenshot(88).png>
Package pdftex.def Info: figures/Screenshot(88).png  used on input line 344.
(pdftex.def)             Requested size: 85.33928pt x 85.3499pt.
<figures/Spyder.png, id=256, 1371.1225pt x 770.88pt>
File: figures/Spyder.png Graphic file (type png)
<use figures/Spyder.png>
Package pdftex.def Info: figures/Spyder.png  used on input line 354.
(pdftex.def)             Requested size: 85.33928pt x 85.3499pt.

Overfull \hbox (10.55725pt too wide) in paragraph at lines 365--366
\OT1/ptm/m/n/10 da-pat dikem-bangkan, dan tidak ada batasan dalam penyali-nan-n
ya dan mendis-tribusikan. 
 []


Overfull \vbox (6.372pt too high) has occurred while \output is active []


Underfull \hbox (badness 10000) has occurred while \output is active
[]
 []

[19 <./figures/Screenshot(87).png> <./figures/Screenshot(88).png> <./figures/Sp
yder.png>]

LaTeX Warning: Reference `downloadanaconda' on page 20 undefined on input line 
374.

<figures/Rahma/DownloadAnaconda.JPG, id=263, 1015.54407pt x 465.23813pt>
File: figures/Rahma/DownloadAnaconda.JPG Graphic file (type jpg)
<use figures/Rahma/DownloadAnaconda.JPG>
Package pdftex.def Info: figures/Rahma/DownloadAnaconda.JPG  used on input line
 376.
(pdftex.def)             Requested size: 235.19897pt x 107.7479pt.

LaTeX Warning: Reference `gambar1' on page 20 undefined on input line 381.

<figures/Rahma/a.JPG, id=264, 335.75438pt x 261.22594pt>
File: figures/Rahma/a.JPG Graphic file (type jpg)
<use figures/Rahma/a.JPG>
Package pdftex.def Info: figures/Rahma/a.JPG  used on input line 383.
(pdftex.def)             Requested size: 235.19897pt x 182.99242pt.
<figures/Rahma/b.JPG, id=265, 335.00156pt x 258.9675pt>
File: figures/Rahma/b.JPG Graphic file (type jpg)
<use figures/Rahma/b.JPG>
Package pdftex.def Info: figures/Rahma/b.JPG  used on input line 389.
(pdftex.def)             Requested size: 235.19897pt x 181.8134pt.
<figures/Rahma/c.JPG, id=266, 332.74312pt x 261.22594pt>
File: figures/Rahma/c.JPG Graphic file (type jpg)
<use figures/Rahma/c.JPG>
Package pdftex.def Info: figures/Rahma/c.JPG  used on input line 396.
(pdftex.def)             Requested size: 235.19897pt x 184.65059pt.
<figures/Rahma/d.JPG, id=267, 335.75438pt x 261.22594pt>
File: figures/Rahma/d.JPG Graphic file (type jpg)
<use figures/Rahma/d.JPG>
Package pdftex.def Info: figures/Rahma/d.JPG  used on input line 403.
(pdftex.def)             Requested size: 235.19897pt x 182.99242pt.
<figures/Rahma/e.JPG, id=268, 333.49594pt x 257.46187pt>
File: figures/Rahma/e.JPG Graphic file (type jpg)
<use figures/Rahma/e.JPG>
Package pdftex.def Info: figures/Rahma/e.JPG  used on input line 410.
(pdftex.def)             Requested size: 235.19897pt x 181.58134pt.

Overfull \vbox (6.372pt too high) has occurred while \output is active []


Underfull \hbox (badness 10000) has occurred while \output is active
[]
 []

[20 <./figures/Rahma/DownloadAnaconda.JPG>]
<figures/Rahma/f.JPG, id=272, 331.99031pt x 259.7203pt>
File: figures/Rahma/f.JPG Graphic file (type jpg)
<use figures/Rahma/f.JPG>
Package pdftex.def Info: figures/Rahma/f.JPG  used on input line 417.
(pdftex.def)             Requested size: 235.19897pt x 183.99847pt.
<figures/Rahma/g.JPG, id=273, 334.24875pt x 261.97874pt>
File: figures/Rahma/g.JPG Graphic file (type jpg)
<use figures/Rahma/g.JPG>
Package pdftex.def Info: figures/Rahma/g.JPG  used on input line 424.
(pdftex.def)             Requested size: 235.19897pt x 184.35126pt.

Overfull \vbox (6.372pt too high) has occurred while \output is active []


Underfull \hbox (badness 10000) has occurred while \output is active
[]
 []

[21 <./figures/Rahma/a.JPG> <./figures/Rahma/b.JPG>]
<figures/Rahma/h.JPG, id=277, 331.99031pt x 257.46187pt>
File: figures/Rahma/h.JPG Graphic file (type jpg)
<use figures/Rahma/h.JPG>
Package pdftex.def Info: figures/Rahma/h.JPG  used on input line 431.
(pdftex.def)             Requested size: 235.19897pt x 182.39848pt.

Underfull \vbox (badness 10000) has occurred while \output is active []


Overfull \vbox (6.372pt too high) has occurred while \output is active []


Underfull \hbox (badness 10000) has occurred while \output is active
[]
 []

[22 <./figures/Rahma/c.JPG> <./figures/Rahma/d.JPG>]
Overfull \vbox (6.372pt too high) has occurred while \output is active []


Underfull \hbox (badness 10000) has occurred while \output is active
[]
 []

[23 <./figures/Rahma/e.JPG> <./figures/Rahma/f.JPG>]
Underfull \vbox (badness 7613) has occurred while \output is active []


Overfull \vbox (6.372pt too high) has occurred while \output is active []


Underfull \hbox (badness 10000) has occurred while \output is active
[]
 []

[24 <./figures/Rahma/g.JPG> <./figures/Rahma/h.JPG>]
File: figures/1.png Graphic file (type png)
<use figures/1.png>
Package pdftex.def Info: figures/1.png  used on input line 449.
(pdftex.def)             Requested size: 85.3445pt x 85.35284pt.
File: figures/2.png Graphic file (type png)
<use figures/2.png>
Package pdftex.def Info: figures/2.png  used on input line 457.
(pdftex.def)             Requested size: 85.3445pt x 85.35284pt.
File: figures/3.png Graphic file (type png)
<use figures/3.png>
Package pdftex.def Info: figures/3.png  used on input line 465.
(pdftex.def)             Requested size: 85.3445pt x 85.35284pt.
File: figures/4.png Graphic file (type png)
<use figures/4.png>
Package pdftex.def Info: figures/4.png  used on input line 473.
(pdftex.def)             Requested size: 85.3445pt x 85.35284pt.
File: figures/5.png Graphic file (type png)
<use figures/5.png>
Package pdftex.def Info: figures/5.png  used on input line 481.
(pdftex.def)             Requested size: 85.3445pt x 85.35284pt.

Overfull \vbox (6.372pt too high) has occurred while \output is active []


Underfull \hbox (badness 10000) has occurred while \output is active
[]
 []

[25]
File: figures/6.png Graphic file (type png)
<use figures/6.png>
Package pdftex.def Info: figures/6.png  used on input line 491.
(pdftex.def)             Requested size: 85.3445pt x 85.35284pt.

Underfull \vbox (badness 8075) has occurred while \output is active []


Overfull \vbox (6.372pt too high) has occurred while \output is active []


Underfull \hbox (badness 10000) has occurred while \output is active
[]
 []

[26]
Overfull \hbox (0.98723pt too wide) in paragraph at lines 501--502
\OT1/ptm/m/n/10 men-jadi pe-rusa-haan komer-sial un-tuk BeOpen.com dan men-cip-
takan BeOpen Python-
 []


Overfull \vbox (6.372pt too high) has occurred while \output is active []


Underfull \hbox (badness 10000) has occurred while \output is active
[]
 []

[27]

LaTeX Warning: Citation `roihan2017monitoring' on page 28 undefined on input li
ne 545.

File: figures/diva/1chp1diva.png Graphic file (type png)
<use figures/diva/1chp1diva.png>
Package pdftex.def Info: figures/diva/1chp1diva.png  used on input line 555.
(pdftex.def)             Requested size: 284.52756pt x 221.69302pt.

Underfull \vbox (badness 10000) has occurred while \output is active []


Overfull \vbox (6.372pt too high) has occurred while \output is active []


Underfull \hbox (badness 10000) has occurred while \output is active
[]
 []

[28]
File: figures/diva/2chp1diva.png Graphic file (type png)
<use figures/diva/2chp1diva.png>
Package pdftex.def Info: figures/diva/2chp1diva.png  used on input line 561.
(pdftex.def)             Requested size: 284.52756pt x 220.68156pt.
File: figures/diva/3chp1diva.png Graphic file (type png)
<use figures/diva/3chp1diva.png>
Package pdftex.def Info: figures/diva/3chp1diva.png  used on input line 567.
(pdftex.def)             Requested size: 284.52756pt x 221.69302pt.

Overfull \vbox (6.372pt too high) has occurred while \output is active []


Underfull \hbox (badness 10000) has occurred while \output is active
[]
 []

[29]
File: figures/diva/4chp1diva.png Graphic file (type png)
<use figures/diva/4chp1diva.png>
Package pdftex.def Info: figures/diva/4chp1diva.png  used on input line 573.
(pdftex.def)             Requested size: 284.52756pt x 220.68156pt.
File: figures/diva/5chp1diva.png Graphic file (type png)
<use figures/diva/5chp1diva.png>
Package pdftex.def Info: figures/diva/5chp1diva.png  used on input line 579.
(pdftex.def)             Requested size: 284.52756pt x 220.81055pt.

Overfull \vbox (6.372pt too high) has occurred while \output is active []


Underfull \hbox (badness 10000) has occurred while \output is active
[]
 []

[30]
File: figures/diva/6chp1diva.png Graphic file (type png)
<use figures/diva/6chp1diva.png>
Package pdftex.def Info: figures/diva/6chp1diva.png  used on input line 585.
(pdftex.def)             Requested size: 284.52756pt x 220.5503pt.
File: figures/diva/7chp1diva.png Graphic file (type png)
<use figures/diva/7chp1diva.png>
Package pdftex.def Info: figures/diva/7chp1diva.png  used on input line 591.
(pdftex.def)             Requested size: 284.52756pt x 221.69302pt.

Overfull \vbox (6.372pt too high) has occurred while \output is active []


Underfull \hbox (badness 10000) has occurred while \output is active
[]
 []

[31]
File: figures/diva/8chp1diva.png Graphic file (type png)
<use figures/diva/8chp1diva.png>
Package pdftex.def Info: figures/diva/8chp1diva.png  used on input line 597.
(pdftex.def)             Requested size: 284.52756pt x 221.94875pt.
File: figures/diva/9chp1diva.png Graphic file (type png)
<use figures/diva/9chp1diva.png>
Package pdftex.def Info: figures/diva/9chp1diva.png  used on input line 603.
(pdftex.def)             Requested size: 284.52756pt x 220.9194pt.

Overfull \vbox (6.372pt too high) has occurred while \output is active []


Underfull \hbox (badness 10000) has occurred while \output is active
[]
 []

[32]
File: figures/diva/10chp1diva.png Graphic file (type png)
<use figures/diva/10chp1diva.png>
Package pdftex.def Info: figures/diva/10chp1diva.png  used on input line 609.
(pdftex.def)             Requested size: 284.52756pt x 148.98392pt.

Overfull \vbox (6.372pt too high) has occurred while \output is active []


Underfull \hbox (badness 10000) has occurred while \output is active
[]
 []

[33]
File: figures/diva/11chp1diva.png Graphic file (type png)
<use figures/diva/11chp1diva.png>
Package pdftex.def Info: figures/diva/11chp1diva.png  used on input line 626.
(pdftex.def)             Requested size: 284.52756pt x 262.00456pt.
File: figures/diva/12chp1diva.png Graphic file (type png)
<use figures/diva/12chp1diva.png>
Package pdftex.def Info: figures/diva/12chp1diva.png  used on input line 631.
(pdftex.def)             Requested size: 284.52756pt x 149.94795pt.
File: figures/diva/13chp1diva.png Graphic file (type png)
<use figures/diva/13chp1diva.png>
Package pdftex.def Info: figures/diva/13chp1diva.png  used on input line 636.
(pdftex.def)             Requested size: 284.52756pt x 153.46597pt.

Overfull \vbox (6.372pt too high) has occurred while \output is active []


Underfull \hbox (badness 10000) has occurred while \output is active
[]
 []

[34]
File: figures/diva/14chp1diva.png Graphic file (type png)
<use figures/diva/14chp1diva.png>
Package pdftex.def Info: figures/diva/14chp1diva.png  used on input line 646.
(pdftex.def)             Requested size: 284.52756pt x 262.00456pt.
File: figures/diva/15chp1diva.png Graphic file (type png)
<use figures/diva/15chp1diva.png>
Package pdftex.def Info: figures/diva/15chp1diva.png  used on input line 651.
(pdftex.def)             Requested size: 284.52756pt x 151.42929pt.

Overfull \vbox (6.372pt too high) has occurred while \output is active []


Underfull \hbox (badness 10000) has occurred while \output is active
[]
 []

[35]
File: figures/diva/16chp1diva.png Graphic file (type png)
<use figures/diva/16chp1diva.png>
Package pdftex.def Info: figures/diva/16chp1diva.png  used on input line 656.
(pdftex.def)             Requested size: 284.52756pt x 151.42929pt.
File: figures/diva/17chp1diva.png Graphic file (type png)
<use figures/diva/17chp1diva.png>
Package pdftex.def Info: figures/diva/17chp1diva.png  used on input line 665.
(pdftex.def)             Requested size: 284.52756pt x 206.09558pt.

Underfull \vbox (badness 10000) has occurred while \output is active []


Overfull \vbox (6.372pt too high) has occurred while \output is active []


Underfull \hbox (badness 10000) has occurred while \output is active
[]
 []

[36]
File: figures/diva/18chp1diva.png Graphic file (type png)
<use figures/diva/18chp1diva.png>
Package pdftex.def Info: figures/diva/18chp1diva.png  used on input line 671.
(pdftex.def)             Requested size: 284.52756pt x 151.63757pt.
File: figures/diva/20chp1diva.png Graphic file (type png)
<use figures/diva/20chp1diva.png>
Package pdftex.def Info: figures/diva/20chp1diva.png  used on input line 679.
(pdftex.def)             Requested size: 284.52756pt x 248.6741pt.

Underfull \vbox (badness 10000) has occurred while \output is active []


Overfull \vbox (6.372pt too high) has occurred while \output is active []


Underfull \hbox (badness 10000) has occurred while \output is active
[]
 []

[37]
File: figures/diva/22chp1diva.png Graphic file (type png)
<use figures/diva/22chp1diva.png>
Package pdftex.def Info: figures/diva/22chp1diva.png  used on input line 684.
(pdftex.def)             Requested size: 56.9055pt x 56.91106pt.
File: figures/diva/21chp1diva.png Graphic file (type png)
<use figures/diva/21chp1diva.png>
Package pdftex.def Info: figures/diva/21chp1diva.png  used on input line 689.
(pdftex.def)             Requested size: 284.52756pt x 135.00862pt.
File: figures/diva/19chp1diva.png Graphic file (type png)
<use figures/diva/19chp1diva.png>
Package pdftex.def Info: figures/diva/19chp1diva.png  used on input line 694.
(pdftex.def)             Requested size: 284.52756pt x 151.63757pt.

Overfull \vbox (6.372pt too high) has occurred while \output is active []


Underfull \hbox (badness 10000) has occurred while \output is active
[]
 []

[38]
Overfull \vbox (6.372pt too high) has occurred while \output is active []


Underfull \hbox (badness 10000) has occurred while \output is active
[]
 []

[39]
File: figures/Screenshot(80).png Graphic file (type png)
<use figures/Screenshot(80).png>
Package pdftex.def Info: figures/Screenshot(80).png  used on input line 718.
(pdftex.def)             Requested size: 85.33928pt x 85.3499pt.
File: figures/Screenshot(81).png Graphic file (type png)
<use figures/Screenshot(81).png>
Package pdftex.def Info: figures/Screenshot(81).png  used on input line 726.
(pdftex.def)             Requested size: 85.33928pt x 85.3499pt.
File: figures/Screenshot(82).png Graphic file (type png)
<use figures/Screenshot(82).png>
Package pdftex.def Info: figures/Screenshot(82).png  used on input line 734.
(pdftex.def)             Requested size: 85.33928pt x 85.3499pt.
File: figures/Screenshot(83).png Graphic file (type png)
<use figures/Screenshot(83).png>
Package pdftex.def Info: figures/Screenshot(83).png  used on input line 742.
(pdftex.def)             Requested size: 85.33928pt x 85.3499pt.
File: figures/Screenshot(84).jpeg Graphic file (type jpg)
<use figures/Screenshot(84).jpeg>
Package pdftex.def Info: figures/Screenshot(84).jpeg  used on input line 750.
(pdftex.def)             Requested size: 85.35146pt x 85.35701pt.
File: figures/Screenshot(85).png Graphic file (type png)
<use figures/Screenshot(85).png>
Package pdftex.def Info: figures/Screenshot(85).png  used on input line 758.
(pdftex.def)             Requested size: 85.33928pt x 85.3499pt.
File: figures/Screenshot(86).png Graphic file (type png)
<use figures/Screenshot(86).png>
Package pdftex.def Info: figures/Screenshot(86).png  used on input line 766.
(pdftex.def)             Requested size: 85.33928pt x 85.3499pt.
File: figures/Screenshot(87).png Graphic file (type png)
<use figures/Screenshot(87).png>
Package pdftex.def Info: figures/Screenshot(87).png  used on input line 774.
(pdftex.def)             Requested size: 85.33928pt x 85.3499pt.

Overfull \vbox (6.372pt too high) has occurred while \output is active []


Underfull \hbox (badness 10000) has occurred while \output is active
[]
 []

[40]
Overfull \vbox (6.372pt too high) has occurred while \output is active []


Underfull \hbox (badness 10000) has occurred while \output is active
[]
 []

[41]
File: figures/Screenshot(88).png Graphic file (type png)
<use figures/Screenshot(88).png>
Package pdftex.def Info: figures/Screenshot(88).png  used on input line 782.
(pdftex.def)             Requested size: 85.33928pt x 85.3499pt.
File: figures/Spyder.png Graphic file (type png)
<use figures/Spyder.png>
Package pdftex.def Info: figures/Spyder.png  used on input line 792.
(pdftex.def)             Requested size: 85.33928pt x 85.3499pt.

Overfull \hbox (0.59702pt too wide) in paragraph at lines 803--804
\OT1/ptm/m/n/10 Python dicip-takan oleh Guido van Rossum un-tuk per-tama kaliny
a di Sc-itcht-ing Math-
 []


Overfull \vbox (6.372pt too high) has occurred while \output is active []


Underfull \hbox (badness 10000) has occurred while \output is active
[]
 []

[42]
Overfull \hbox (2.51555pt too wide) in paragraph at lines 805--806
\OT1/ptm/m/n/10 search Ini-tia-tive (CNRI) di Vir-ginia Amer-ica, tem-pat ia me
r-ilis be-ber-apa versi Python. 
 []

<figures/felix/1.png, id=345, 386.04225pt x 299.31825pt>
File: figures/felix/1.png Graphic file (type png)
<use figures/felix/1.png>
Package pdftex.def Info: figures/felix/1.png  used on input line 816.
(pdftex.def)             Requested size: 85.35367pt x 85.35683pt.
<figures/felix/2.png, id=346, 390.258pt x 306.54526pt>
File: figures/felix/2.png Graphic file (type png)
<use figures/felix/2.png>
Package pdftex.def Info: figures/felix/2.png  used on input line 823.
(pdftex.def)             Requested size: 85.35681pt x 85.35965pt.
<figures/felix/3.png, id=347, 388.45125pt x 306.54526pt>
File: figures/felix/3.png Graphic file (type png)
<use figures/felix/3.png>
Package pdftex.def Info: figures/felix/3.png  used on input line 830.
(pdftex.def)             Requested size: 85.35876pt x 85.35965pt.
<figures/felix/4.png, id=348, 385.44pt x 302.93175pt>
File: figures/felix/4.png Graphic file (type png)
<use figures/felix/4.png>
Package pdftex.def Info: figures/felix/4.png  used on input line 837.
(pdftex.def)             Requested size: 85.35579pt x 85.35649pt.
<figures/felix/5.png, id=349, 384.2355pt x 301.72725pt>
File: figures/felix/5.png Graphic file (type png)
<use figures/felix/5.png>
Package pdftex.def Info: figures/felix/5.png  used on input line 844.
(pdftex.def)             Requested size: 85.35287pt x 85.3578pt.
<figures/felix/6.png, id=350, 390.258pt x 306.54526pt>
File: figures/felix/6.png Graphic file (type png)
<use figures/felix/6.png>
Package pdftex.def Info: figures/felix/6.png  used on input line 851.
(pdftex.def)             Requested size: 85.35681pt x 85.35965pt.
<figures/felix/8.png, id=351, 391.4625pt x 305.34074pt>
File: figures/felix/8.png Graphic file (type png)
<use figures/felix/8.png>
Package pdftex.def Info: figures/felix/8.png  used on input line 858.
(pdftex.def)             Requested size: 85.35744pt x 85.35504pt.

Overfull \vbox (6.372pt too high) has occurred while \output is active []


Underfull \hbox (badness 10000) has occurred while \output is active
[]
 []

[43 <./figures/felix/1.png>]
Overfull \vbox (6.372pt too high) has occurred while \output is active []


Underfull \hbox (badness 10000) has occurred while \output is active
[]
 []

[44 <./figures/felix/2.png> <./figures/felix/3.png> <./figures/felix/4.png> <./
figures/felix/5.png>]
<figures/felix/9.png, id=363, 389.65575pt x 298.716pt>
File: figures/felix/9.png Graphic file (type png)
<use figures/felix/9.png>
Package pdftex.def Info: figures/felix/9.png  used on input line 865.
(pdftex.def)             Requested size: 85.3559pt x 85.35828pt.
<figures/felix/10.png, id=364, 1151.502pt x 575.751pt>
File: figures/felix/10.png Graphic file (type png)
<use figures/felix/10.png>
Package pdftex.def Info: figures/felix/10.png  used on input line 874.
(pdftex.def)             Requested size: 85.3574pt x 85.3574pt.

Overfull \vbox (6.372pt too high) has occurred while \output is active []


Underfull \hbox (badness 10000) has occurred while \output is active
[]
 []

[45 <./figures/felix/6.png> <./figures/felix/8.png> <./figures/felix/9.png>]
<figures/oni/1.png, id=371, 492.33937pt x 92.59593pt>
File: figures/oni/1.png Graphic file (type png)
<use figures/oni/1.png>
Package pdftex.def Info: figures/oni/1.png  used on input line 896.
(pdftex.def)             Requested size: 85.35684pt x 85.35881pt.

Underfull \vbox (badness 10000) has occurred while \output is active []


Overfull \vbox (6.372pt too high) has occurred while \output is active []


Underfull \hbox (badness 10000) has occurred while \output is active
[]
 []

[46 <./figures/felix/10.png>]
<figures/oni/2.png, id=376, 384.6872pt x 298.11375pt>
File: figures/oni/2.png Graphic file (type png)
<use figures/oni/2.png>
Package pdftex.def Info: figures/oni/2.png  used on input line 903.
(pdftex.def)             Requested size: 85.3593pt x 85.35904pt.
<figures/oni/3.png, id=377, 380.17032pt x 300.3722pt>
File: figures/oni/3.png Graphic file (type png)
<use figures/oni/3.png>
Package pdftex.def Info: figures/oni/3.png  used on input line 911.
(pdftex.def)             Requested size: 85.3548pt x 85.35945pt.
<figures/oni/4.png, id=378, 380.17032pt x 281.55188pt>
File: figures/oni/4.png Graphic file (type png)
<use figures/oni/4.png>
Package pdftex.def Info: figures/oni/4.png  used on input line 918.
(pdftex.def)             Requested size: 85.3548pt x 85.3555pt.
<figures/oni/5.png, id=379, 380.17032pt x 288.3272pt>
File: figures/oni/5.png Graphic file (type png)
<use figures/oni/5.png>
Package pdftex.def Info: figures/oni/5.png  used on input line 924.
(pdftex.def)             Requested size: 85.3548pt x 85.35934pt.

Underfull \vbox (badness 2393) has occurred while \output is active []


Overfull \vbox (6.372pt too high) has occurred while \output is active []


Underfull \hbox (badness 10000) has occurred while \output is active
[]
 []

[47 <./figures/oni/1.png> <./figures/oni/2.png> <./figures/oni/3.png> <./figure
s/oni/4.png>]
<figures/oni/6.png, id=383, 377.91188pt x 298.86656pt>
File: figures/oni/6.png Graphic file (type png)
<use figures/oni/6.png>
Package pdftex.def Info: figures/oni/6.png  used on input line 931.
(pdftex.def)             Requested size: 85.35518pt x 85.3557pt.
<figures/oni/7.png, id=384, 381.67593pt x 295.1025pt>
File: figures/oni/7.png Graphic file (type png)
<use figures/oni/7.png>
Package pdftex.def Info: figures/oni/7.png  used on input line 939.
(pdftex.def)             Requested size: 85.35504pt x 85.35687pt.
<figures/oni/8.png, id=385, 382.42876pt x 292.09125pt>
File: figures/oni/8.png Graphic file (type png)
<use figures/oni/8.png>
Package pdftex.def Info: figures/oni/8.png  used on input line 947.
(pdftex.def)             Requested size: 85.35417pt x 85.35945pt.

Underfull \vbox (badness 10000) has occurred while \output is active []


Overfull \vbox (6.372pt too high) has occurred while \output is active []


Underfull \hbox (badness 10000) has occurred while \output is active
[]
 []

[48 <./figures/oni/5.png> <./figures/oni/6.png> <./figures/oni/7.png>]
<figures/oni/9.png, id=390, 380.17032pt x 285.31593pt>
File: figures/oni/9.png Graphic file (type png)
<use figures/oni/9.png>
Package pdftex.def Info: figures/oni/9.png  used on input line 955.
(pdftex.def)             Requested size: 85.3548pt x 85.35599pt.
<figures/oni/10.png, id=391, 381.67593pt x 292.09125pt>
File: figures/oni/10.png Graphic file (type png)
<use figures/oni/10.png>
Package pdftex.def Info: figures/oni/10.png  used on input line 963.
(pdftex.def)             Requested size: 85.35504pt x 85.35945pt.
<figures/oni/oni.png, id=392, 269.50688pt x 169.38281pt>
File: figures/oni/oni.png Graphic file (type png)
<use figures/oni/oni.png>
Package pdftex.def Info: figures/oni/oni.png  used on input line 973.
(pdftex.def)             Requested size: 85.3598pt x 85.3606pt.
<figures/oni/11.png, id=393, 468.24937pt x 131.74219pt>
File: figures/oni/11.png Graphic file (type png)
<use figures/oni/11.png>
Package pdftex.def Info: figures/oni/11.png  used on input line 979.
(pdftex.def)             Requested size: 85.35298pt x 85.36201pt.

Overfull \vbox (6.372pt too high) has occurred while \output is active []


Underfull \hbox (badness 10000) has occurred while \output is active
[]
 []

[49 <./figures/oni/8.png> <./figures/oni/9.png> <./figures/oni/10.png> <./figur
es/oni/oni.png>]
Overfull \hbox (9.70657pt too wide) in paragraph at lines 989--990
\OT1/ptm/m/n/10 lu-nak komer-sial. Dan lebi-h-nya lagi ba-hasa pe-mogra-man Pyt
hon ini gratis atau \OT1/ptm/m/it/10 freewere\OT1/ptm/m/n/10 ,
 []

<figures/dezha/Screenshot1.png, id=398, 496.10344pt x 305.64188pt>
File: figures/dezha/Screenshot1.png Graphic file (type png)
<use figures/dezha/Screenshot1.png>
Package pdftex.def Info: figures/dezha/Screenshot1.png  used on input line 1000
.
(pdftex.def)             Requested size: 85.35083pt x 85.35527pt.

Overfull \vbox (6.372pt too high) has occurred while \output is active []


Underfull \hbox (badness 10000) has occurred while \output is active
[]
 []

[50 <./figures/oni/11.png> <./figures/dezha/Screenshot1.png>]
<figures/dezha/Screenshot2.png, id=404, 376.40625pt x 291.33844pt>
File: figures/dezha/Screenshot2.png Graphic file (type png)
<use figures/dezha/Screenshot2.png>
Package pdftex.def Info: figures/dezha/Screenshot2.png  used on input line 1008
.
(pdftex.def)             Requested size: 85.35973pt x 85.35728pt.
<figures/dezha/Screenshot3.png, id=405, 368.87813pt x 286.82156pt>
File: figures/dezha/Screenshot3.png Graphic file (type png)
<use figures/dezha/Screenshot3.png>
Package pdftex.def Info: figures/dezha/Screenshot3.png  used on input line 1015
.
(pdftex.def)             Requested size: 85.358pt x 85.35562pt.
<figures/dezha/Screenshot4.png, id=406, 368.87813pt x 291.33844pt>
File: figures/dezha/Screenshot4.png Graphic file (type png)
<use figures/dezha/Screenshot4.png>
Package pdftex.def Info: figures/dezha/Screenshot4.png  used on input line 1022
.
(pdftex.def)             Requested size: 85.358pt x 85.35728pt.
<figures/dezha/Screenshot5.png, id=407, 370.38374pt x 289.08pt>
File: figures/dezha/Screenshot5.png Graphic file (type png)
<use figures/dezha/Screenshot5.png>
Package pdftex.def Info: figures/dezha/Screenshot5.png  used on input line 1029
.
(pdftex.def)             Requested size: 85.356pt x 85.35725pt.
<figures/dezha/Screenshot7.png, id=408, 369.63094pt x 288.3272pt>
File: figures/dezha/Screenshot7.png Graphic file (type png)
<use figures/dezha/Screenshot7.png>
Package pdftex.def Info: figures/dezha/Screenshot7.png  used on input line 1036
.
(pdftex.def)             Requested size: 85.35736pt x 85.35934pt.

Overfull \vbox (6.372pt too high) has occurred while \output is active []


Underfull \hbox (badness 10000) has occurred while \output is active
[]
 []

[51 <./figures/dezha/Screenshot2.png> <./figures/dezha/Screenshot3.png> <./figu
res/dezha/Screenshot4.png> <./figures/dezha/Screenshot5.png>]
<figures/dezha/Screenshot9.png, id=416, 368.87813pt x 288.3272pt>
File: figures/dezha/Screenshot9.png Graphic file (type png)
<use figures/dezha/Screenshot9.png>
Package pdftex.def Info: figures/dezha/Screenshot9.png  used on input line 1043
.
(pdftex.def)             Requested size: 85.358pt x 85.35934pt.
<figures/dezha/Screenshot10.png, id=417, 1371.1225pt x 770.88pt>
File: figures/dezha/Screenshot10.png Graphic file (type png)
<use figures/dezha/Screenshot10.png>
Package pdftex.def Info: figures/dezha/Screenshot10.png  used on input line 105
3.
(pdftex.def)             Requested size: 85.33928pt x 85.3499pt.

Overfull \hbox (10.61809pt too wide) in paragraph at lines 1066--1067
[]\OT1/ptm/m/n/10 Pada Mei tahun 2000, Guido Van Rossum dan tim python-nya pin-
dah ke BeOpen.com
 []


Overfull \vbox (6.372pt too high) has occurred while \output is active []


Underfull \hbox (badness 10000) has occurred while \output is active
[]
 []

[52 <./figures/dezha/Screenshot7.png> <./figures/dezha/Screenshot9.png> <./figu
res/dezha/Screenshot10.png>]
Overfull \hbox (0.56725pt too wide) in paragraph at lines 1070--1071
[]\OT1/ptm/m/n/10 Pada nama python sendiri be-rasal dari nama ular yang kita ta
u. Guido Van Rossum
 []

<figures/choi/1.png, id=424, 742.775pt x 370.38374pt>
File: figures/choi/1.png Graphic file (type png)
<use figures/choi/1.png>
Package pdftex.def Info: figures/choi/1.png  used on input line 1078.
(pdftex.def)             Requested size: 85.35498pt x 85.356pt.
<figures/choi/2.png, id=425, 401.5pt x 308.15125pt>
File: figures/choi/2.png Graphic file (type png)
<use figures/choi/2.png>
Package pdftex.def Info: figures/choi/2.png  used on input line 1087.
(pdftex.def)             Requested size: 85.35896pt x 85.35545pt.
<figures/choi/3.png, id=426, 401.5pt x 311.1625pt>
File: figures/choi/3.png Graphic file (type png)
<use figures/choi/3.png>
Package pdftex.def Info: figures/choi/3.png  used on input line 1095.
(pdftex.def)             Requested size: 85.35896pt x 85.35866pt.
<figures/choi/4.png, id=427, 401.5pt x 311.1625pt>
File: figures/choi/4.png Graphic file (type png)
<use figures/choi/4.png>
Package pdftex.def Info: figures/choi/4.png  used on input line 1103.
(pdftex.def)             Requested size: 85.35896pt x 85.35866pt.
<figures/choi/5.png, id=428, 401.5pt x 309.155pt>
File: figures/choi/5.png Graphic file (type png)
<use figures/choi/5.png>
Package pdftex.def Info: figures/choi/5.png  used on input line 1111.
(pdftex.def)             Requested size: 85.35896pt x 85.35516pt.

Overfull \vbox (6.372pt too high) has occurred while \output is active []


Underfull \hbox (badness 10000) has occurred while \output is active
[]
 []

[53 <./figures/choi/1.png>]
Overfull \vbox (6.372pt too high) has occurred while \output is active []


Underfull \hbox (badness 10000) has occurred while \output is active
[]
 []

[54 <./figures/choi/2.png> <./figures/choi/3.png> <./figures/choi/4.png>]
Overfull \hbox (2.95695pt too wide) in paragraph at lines 1118--1119
\OT1/ptm/m/n/10 Pada penulisan script kode-kode python bi-asanya di tulis di te
xt ed-i-tor seperti notepad,
 []

<figures/choi/6.png, id=436, 1371.1225pt x 770.88pt>
File: figures/choi/6.png Graphic file (type png)
<use figures/choi/6.png>
Package pdftex.def Info: figures/choi/6.png  used on input line 1122.
(pdftex.def)             Requested size: 85.33928pt x 85.3499pt.

Overfull \hbox (3.47775pt too wide) in paragraph at lines 1133--1134
\OT1/ptm/m/n/10 Python meru-pakan ba-hasa pem-ro-gra-man yang dikem-bangkan ole
h Guido van Rossum
 []


Overfull \vbox (6.372pt too high) has occurred while \output is active []


Underfull \hbox (badness 10000) has occurred while \output is active
[]
 []

[55 <./figures/choi/5.png> <./figures/choi/6.png>]
Overfull \hbox (7.6274pt too wide) in paragraph at lines 1137--1138
\OT1/ptm/m/n/10 ungkapan khas dari acara terse-but muncul dalam ko-re-spon-dens
i an-tar peng-guna Python 
 []

File: figures/1.png Graphic file (type png)
<use figures/1.png>
Package pdftex.def Info: figures/1.png  used on input line 1147.
(pdftex.def)             Requested size: 85.3445pt x 85.35284pt.
File: figures/2.png Graphic file (type png)
<use figures/2.png>
Package pdftex.def Info: figures/2.png  used on input line 1155.
(pdftex.def)             Requested size: 85.3445pt x 85.35284pt.
File: figures/3.png Graphic file (type png)
<use figures/3.png>
Package pdftex.def Info: figures/3.png  used on input line 1163.
(pdftex.def)             Requested size: 85.3445pt x 85.35284pt.
File: figures/4.png Graphic file (type png)
<use figures/4.png>
Package pdftex.def Info: figures/4.png  used on input line 1171.
(pdftex.def)             Requested size: 85.3445pt x 85.35284pt.

Overfull \hbox (2.06544pt too wide) in paragraph at lines 1168--1175
[]\OT1/ptm/m/n/10 Setelah menye-tui lisensi, kita di-haruskan memilih tipe in-s
ta-lasi. Sete-lah memilih
 []

File: figures/5.png Graphic file (type png)
<use figures/5.png>
Package pdftex.def Info: figures/5.png  used on input line 1179.
(pdftex.def)             Requested size: 85.3445pt x 85.35284pt.
File: figures/6.png Graphic file (type png)
<use figures/6.png>
Package pdftex.def Info: figures/6.png  used on input line 1187.
(pdftex.def)             Requested size: 85.3445pt x 85.35284pt.

Overfull \vbox (6.372pt too high) has occurred while \output is active []


Underfull \hbox (badness 10000) has occurred while \output is active
[]
 []

[56]
Overfull \vbox (6.372pt too high) has occurred while \output is active []


Underfull \hbox (badness 10000) has occurred while \output is active
[]
 []

[57]
<figures/7.png, id=447, 388.45125pt x 302.93175pt>
File: figures/7.png Graphic file (type png)
<use figures/7.png>
Package pdftex.def Info: figures/7.png  used on input line 1195.
(pdftex.def)             Requested size: 85.35876pt x 85.35649pt.
<figures/8.png, id=448, 391.4625pt x 305.34074pt>
File: figures/8.png Graphic file (type png)
<use figures/8.png>
Package pdftex.def Info: figures/8.png  used on input line 1203.
(pdftex.def)             Requested size: 85.35744pt x 85.35504pt.
<figures/9.png, id=449, 389.65575pt x 298.716pt>
File: figures/9.png Graphic file (type png)
<use figures/9.png>
Package pdftex.def Info: figures/9.png  used on input line 1211.
(pdftex.def)             Requested size: 85.3559pt x 85.35828pt.
<figures/10.png, id=450, 1151.502pt x 575.751pt>
File: figures/10.png Graphic file (type png)
<use figures/10.png>
Package pdftex.def Info: figures/10.png  used on input line 1221.
(pdftex.def)             Requested size: 85.3574pt x 85.3574pt.
<figures/11.png, id=451, 1151.502pt x 575.751pt>
File: figures/11.png Graphic file (type png)
<use figures/11.png>
Package pdftex.def Info: figures/11.png  used on input line 1229.
(pdftex.def)             Requested size: 85.3574pt x 85.3574pt.

Overfull \vbox (6.372pt too high) has occurred while \output is active []


Underfull \hbox (badness 10000) has occurred while \output is active
[]
 []

[58 <./figures/7.png> <./figures/8.png>]
Overfull \vbox (6.372pt too high) has occurred while \output is active []


Underfull \hbox (badness 10000) has occurred while \output is active
[]
 []

[59 <./figures/9.png> <./figures/10.png> <./figures/11.png>]
File: figures/1.png Graphic file (type png)
<use figures/1.png>
Package pdftex.def Info: figures/1.png  used on input line 1245.
(pdftex.def)             Requested size: 85.3445pt x 85.35284pt.
File: figures/2.png Graphic file (type png)
<use figures/2.png>
Package pdftex.def Info: figures/2.png  used on input line 1253.
(pdftex.def)             Requested size: 85.3445pt x 85.35284pt.
File: figures/3.png Graphic file (type png)
<use figures/3.png>
Package pdftex.def Info: figures/3.png  used on input line 1261.
(pdftex.def)             Requested size: 85.3445pt x 85.35284pt.

Overfull \vbox (6.372pt too high) has occurred while \output is active []


Underfull \hbox (badness 10000) has occurred while \output is active
[]
 []

[60]
File: figures/4.png Graphic file (type png)
<use figures/4.png>
Package pdftex.def Info: figures/4.png  used on input line 1269.
(pdftex.def)             Requested size: 85.3445pt x 85.35284pt.
File: figures/5.png Graphic file (type png)
<use figures/5.png>
Package pdftex.def Info: figures/5.png  used on input line 1277.
(pdftex.def)             Requested size: 85.3445pt x 85.35284pt.
File: figures/6.png Graphic file (type png)
<use figures/6.png>
Package pdftex.def Info: figures/6.png  used on input line 1285.
(pdftex.def)             Requested size: 85.3445pt x 85.35284pt.
File: figures/7.png Graphic file (type png)
<use figures/7.png>
Package pdftex.def Info: figures/7.png  used on input line 1293.
(pdftex.def)             Requested size: 85.35876pt x 85.35649pt.
File: figures/8.png Graphic file (type png)
<use figures/8.png>
Package pdftex.def Info: figures/8.png  used on input line 1301.
(pdftex.def)             Requested size: 85.35744pt x 85.35504pt.
File: figures/9.png Graphic file (type png)
<use figures/9.png>
Package pdftex.def Info: figures/9.png  used on input line 1308.
(pdftex.def)             Requested size: 85.3559pt x 85.35828pt.
<figures/Screenshot(1).png, id=467, 1371.1225pt x 770.88pt>
File: figures/Screenshot(1).png Graphic file (type png)
<use figures/Screenshot(1).png>
Package pdftex.def Info: figures/Screenshot(1).png  used on input line 1317.
(pdftex.def)             Requested size: 85.33928pt x 85.3499pt.

Overfull \vbox (6.372pt too high) has occurred while \output is active []


Underfull \hbox (badness 10000) has occurred while \output is active
[]
 []

[61]
Overfull \vbox (6.372pt too high) has occurred while \output is active []


Underfull \hbox (badness 10000) has occurred while \output is active
[]
 []

[62]
<figures/g1.png, id=474, 431.36156pt x 53.44969pt>
File: figures/g1.png Graphic file (type png)
<use figures/g1.png>
Package pdftex.def Info: figures/g1.png  used on input line 1336.
(pdftex.def)             Requested size: 85.35588pt x 85.36462pt.
<figures/g2.png, id=475, 372.64218pt x 291.33844pt>
File: figures/g2.png Graphic file (type png)
<use figures/g2.png>
Package pdftex.def Info: figures/g2.png  used on input line 1344.
(pdftex.def)             Requested size: 85.35336pt x 85.35728pt.
<figures/g3.png, id=476, 371.88937pt x 289.08pt>
File: figures/g3.png Graphic file (type png)
<use figures/g3.png>
Package pdftex.def Info: figures/g3.png  used on input line 1352.
(pdftex.def)             Requested size: 85.35684pt x 85.35725pt.
<figures/g4.png, id=477, 377.91188pt x 295.85532pt>
File: figures/g4.png Graphic file (type png)
<use figures/g4.png>
Package pdftex.def Info: figures/g4.png  used on input line 1360.
(pdftex.def)             Requested size: 85.35518pt x 85.35794pt.
<figures/g5.png, id=478, 370.38374pt x 286.82156pt>
File: figures/g5.png Graphic file (type png)
<use figures/g5.png>
Package pdftex.def Info: figures/g5.png  used on input line 1368.
(pdftex.def)             Requested size: 85.356pt x 85.35562pt.
<figures/g6.png, id=479, 372.64218pt x 283.0575pt>
File: figures/g6.png Graphic file (type png)
<use figures/g6.png>
Package pdftex.def Info: figures/g6.png  used on input line 1376.
(pdftex.def)             Requested size: 85.35336pt x 85.35844pt.

Overfull \vbox (6.372pt too high) has occurred while \output is active []


Underfull \hbox (badness 10000) has occurred while \output is active
[]
 []

[63 <./figures/Screenshot(1).png>]
Overfull \vbox (6.372pt too high) has occurred while \output is active []


Underfull \hbox (badness 10000) has occurred while \output is active
[]
 []

[64 <./figures/g1.png> <./figures/g2.png> <./figures/g3.png> <./figures/g4.png>
]
<figures/g7.png, id=491, 372.64218pt x 292.84406pt>
File: figures/g7.png Graphic file (type png)
<use figures/g7.png>
Package pdftex.def Info: figures/g7.png  used on input line 1384.
(pdftex.def)             Requested size: 85.35336pt x 85.35603pt.
<figures/g9.png, id=492, 363.60844pt x 288.3272pt>
File: figures/g9.png Graphic file (type png)
<use figures/g9.png>
Package pdftex.def Info: figures/g9.png  used on input line 1392.
(pdftex.def)             Requested size: 85.35922pt x 85.35934pt.
<figures/g12.png, id=493, 371.88937pt x 287.57437pt>
File: figures/g12.png Graphic file (type png)
<use figures/g12.png>
Package pdftex.def Info: figures/g12.png  used on input line 1399.
(pdftex.def)             Requested size: 85.35684pt x 85.35588pt.
File: figures/Screenshot(1).png Graphic file (type png)
<use figures/Screenshot(1).png>
Package pdftex.def Info: figures/Screenshot(1).png  used on input line 1408.
(pdftex.def)             Requested size: 85.33928pt x 85.3499pt.

Overfull \vbox (6.372pt too high) has occurred while \output is active []


Underfull \hbox (badness 10000) has occurred while \output is active
[]
 []

[65 <./figures/g5.png> <./figures/g6.png> <./figures/g7.png>]
Overfull \vbox (6.372pt too high) has occurred while \output is active []


Underfull \hbox (badness 10000) has occurred while \output is active
[]
 []

[66 <./figures/g9.png> <./figures/g12.png>]
Overfull \hbox (8.82806pt too wide) in paragraph at lines 1421--1423
[]\OT1/ptm/m/n/10 Perkembangan Ba-hasa python di-gu-nakan un-tuk keper-luan pen
gem-ban-gan perangkat
 []

<figures/gb1.png, id=506, 1371.1225pt x 770.88pt>
File: figures/gb1.png Graphic file (type png)
<use figures/gb1.png>
Package pdftex.def Info: figures/gb1.png  used on input line 1432.
(pdftex.def)             Requested size: 85.33928pt x 85.3499pt.
<figures/gb2.png, id=507, 384.6872pt x 298.11375pt>
File: figures/gb2.png Graphic file (type png)
<use figures/gb2.png>
Package pdftex.def Info: figures/gb2.png  used on input line 1440.
(pdftex.def)             Requested size: 85.3593pt x 85.35904pt.
<figures/gb3.png, id=508, 380.17032pt x 300.3722pt>
File: figures/gb3.png Graphic file (type png)
<use figures/gb3.png>
Package pdftex.def Info: figures/gb3.png  used on input line 1448.
(pdftex.def)             Requested size: 85.3548pt x 85.35945pt.
<figures/gb4.png, id=509, 380.17032pt x 281.55188pt>
File: figures/gb4.png Graphic file (type png)
<use figures/gb4.png>
Package pdftex.def Info: figures/gb4.png  used on input line 1456.
(pdftex.def)             Requested size: 85.3548pt x 85.3555pt.
<figures/gb5.png, id=510, 380.17032pt x 288.3272pt>
File: figures/gb5.png Graphic file (type png)
<use figures/gb5.png>
Package pdftex.def Info: figures/gb5.png  used on input line 1464.
(pdftex.def)             Requested size: 85.3548pt x 85.35934pt.
<figures/gb6.png, id=511, 377.91188pt x 298.86656pt>
File: figures/gb6.png Graphic file (type png)
<use figures/gb6.png>
Package pdftex.def Info: figures/gb6.png  used on input line 1472.
(pdftex.def)             Requested size: 85.35518pt x 85.3557pt.
<figures/gb7.png, id=512, 381.67593pt x 295.1025pt>
File: figures/gb7.png Graphic file (type png)
<use figures/gb7.png>
Package pdftex.def Info: figures/gb7.png  used on input line 1480.
(pdftex.def)             Requested size: 85.35504pt x 85.35687pt.

Overfull \vbox (6.372pt too high) has occurred while \output is active []


Underfull \hbox (badness 10000) has occurred while \output is active
[]
 []

[67 <./figures/gb1.png>]
Overfull \vbox (6.372pt too high) has occurred while \output is active []


Underfull \hbox (badness 10000) has occurred while \output is active
[]
 []

[68 <./figures/gb2.png> <./figures/gb3.png> <./figures/gb4.png> <./figures/gb5.
png>]
<figures/gb8.png, id=519, 382.42876pt x 292.09125pt>
File: figures/gb8.png Graphic file (type png)
<use figures/gb8.png>
Package pdftex.def Info: figures/gb8.png  used on input line 1488.
(pdftex.def)             Requested size: 85.35417pt x 85.35945pt.
<figures/gb9.png, id=520, 380.17032pt x 285.31593pt>
File: figures/gb9.png Graphic file (type png)
<use figures/gb9.png>
Package pdftex.def Info: figures/gb9.png  used on input line 1496.
(pdftex.def)             Requested size: 85.3548pt x 85.35599pt.
<figures/gb10.png, id=521, 381.67593pt x 292.09125pt>
File: figures/gb10.png Graphic file (type png)
<use figures/gb10.png>
Package pdftex.def Info: figures/gb10.png  used on input line 1504.
(pdftex.def)             Requested size: 85.35504pt x 85.35945pt.
<figures/gbrspyder.png, id=522, 1371.1225pt x 770.88pt>
File: figures/gbrspyder.png Graphic file (type png)
<use figures/gbrspyder.png>
Package pdftex.def Info: figures/gbrspyder.png  used on input line 1513.
(pdftex.def)             Requested size: 85.33928pt x 85.3499pt.

Overfull \vbox (6.372pt too high) has occurred while \output is active []


Underfull \hbox (badness 10000) has occurred while \output is active
[]
 []

[69 <./figures/gb6.png> <./figures/gb7.png> <./figures/gb8.png>]
Overfull \vbox (6.372pt too high) has occurred while \output is active []


Underfull \hbox (badness 10000) has occurred while \output is active
[]
 []

[70 <./figures/gb9.png> <./figures/gb10.png> <./figures/gbrspyder.png>]
<figures/dua.png, id=530, 384.6872pt x 298.11375pt>
File: figures/dua.png Graphic file (type png)
<use figures/dua.png>
Package pdftex.def Info: figures/dua.png  used on input line 1532.
(pdftex.def)             Requested size: 85.3593pt x 85.35904pt.
<figures/tiga.png, id=531, 380.17032pt x 300.3722pt>
File: figures/tiga.png Graphic file (type png)
<use figures/tiga.png>
Package pdftex.def Info: figures/tiga.png  used on input line 1540.
(pdftex.def)             Requested size: 85.3548pt x 85.35945pt.
<figures/empat.png, id=532, 380.17032pt x 281.55188pt>
File: figures/empat.png Graphic file (type png)
<use figures/empat.png>
Package pdftex.def Info: figures/empat.png  used on input line 1548.
(pdftex.def)             Requested size: 85.3548pt x 85.3555pt.
<figures/lima.png, id=533, 380.17032pt x 288.3272pt>
File: figures/lima.png Graphic file (type png)
<use figures/lima.png>
Package pdftex.def Info: figures/lima.png  used on input line 1556.
(pdftex.def)             Requested size: 85.3548pt x 85.35934pt.
<figures/enam.png, id=534, 377.91188pt x 298.86656pt>
File: figures/enam.png Graphic file (type png)
<use figures/enam.png>
Package pdftex.def Info: figures/enam.png  used on input line 1564.
(pdftex.def)             Requested size: 85.35518pt x 85.3557pt.
<figures/tujuh.png, id=535, 381.67593pt x 295.1025pt>
File: figures/tujuh.png Graphic file (type png)
<use figures/tujuh.png>
Package pdftex.def Info: figures/tujuh.png  used on input line 1572.
(pdftex.def)             Requested size: 85.35504pt x 85.35687pt.
<figures/delapan.png, id=536, 382.42876pt x 292.09125pt>
File: figures/delapan.png Graphic file (type png)
<use figures/delapan.png>
Package pdftex.def Info: figures/delapan.png  used on input line 1580.
(pdftex.def)             Requested size: 85.35417pt x 85.35945pt.
<figures/sembilan.png, id=537, 380.17032pt x 285.31593pt>
File: figures/sembilan.png Graphic file (type png)
<use figures/sembilan.png>
Package pdftex.def Info: figures/sembilan.png  used on input line 1588.
(pdftex.def)             Requested size: 85.3548pt x 85.35599pt.

Overfull \vbox (6.372pt too high) has occurred while \output is active []


Underfull \hbox (badness 10000) has occurred while \output is active
[]
 []

[71 <./figures/dua.png>]
Overfull \vbox (6.372pt too high) has occurred while \output is active []


Underfull \hbox (badness 10000) has occurred while \output is active
[]
 []

[72 <./figures/tiga.png> <./figures/empat.png> <./figures/lima.png> <./figures/
enam.png>]
<figures/sepuluh.png, id=545, 381.67593pt x 292.09125pt>
File: figures/sepuluh.png Graphic file (type png)
<use figures/sepuluh.png>
Package pdftex.def Info: figures/sepuluh.png  used on input line 1596.
(pdftex.def)             Requested size: 85.35504pt x 85.35945pt.

Overfull \vbox (6.372pt too high) has occurred while \output is active []


Underfull \hbox (badness 10000) has occurred while \output is active
[]
 []

[73 <./figures/tujuh.png> <./figures/delapan.png> <./figures/sembilan.png> <./f
igures/sepuluh.png>]
<figures/fahmi/1.png, id=549, 372.79276pt x 294.50024pt>
File: figures/fahmi/1.png Graphic file (type png)
<use figures/fahmi/1.png>
Package pdftex.def Info: figures/fahmi/1.png  used on input line 1623.
(pdftex.def)             Requested size: 284.52756pt x 224.77516pt.

Underfull \vbox (badness 10000) has occurred while \output is active []


Overfull \vbox (6.372pt too high) has occurred while \output is active []


Underfull \hbox (badness 10000) has occurred while \output is active
[]
 []

[74]
<figures/fahmi/2.png, id=553, 371.58826pt x 287.27325pt>
File: figures/fahmi/2.png Graphic file (type png)
<use figures/fahmi/2.png>
Package pdftex.def Info: figures/fahmi/2.png  used on input line 1629.
(pdftex.def)             Requested size: 284.52756pt x 219.9781pt.

Underfull \vbox (badness 10000) has occurred while \output is active []


Overfull \vbox (6.372pt too high) has occurred while \output is active []


Underfull \hbox (badness 10000) has occurred while \output is active
[]
 []

[75 <./figures/fahmi/1.png> <./figures/fahmi/2.png>]
<figures/fahmi/3.png, id=557, 1156.32pt x 650.43pt>
File: figures/fahmi/3.png Graphic file (type png)
<use figures/fahmi/3.png>
Package pdftex.def Info: figures/fahmi/3.png  used on input line 1644.
(pdftex.def)             Requested size: 284.52756pt x 160.04651pt.

Underfull \vbox (badness 2512) has occurred while \output is active []


Overfull \vbox (6.372pt too high) has occurred while \output is active []


Underfull \hbox (badness 10000) has occurred while \output is active
[]
 []

[76 <./figures/fahmi/3.png>]
Overfull \hbox (1.0373pt too wide) in paragraph at lines 1667--1668
[]\OT1/ptm/m/n/10 Dapat mema-hami fungsi fungsi yang ter-da-pat pada ba-hasa pe
m-ro-gra-man Python 
 []


LaTeX Warning: Citation `watters1996internet' on page 77 undefined on input lin
e 1684.


Overfull \hbox (7.03712pt too wide) in paragraph at lines 1684--1685
\OT1/ptm/m/n/10 Ahlstrom mendemon-strasikan metode pem-ro-gra-man dalam Python,
 den-gan penekanan
 []


Overfull \vbox (6.372pt too high) has occurred while \output is active []


Underfull \hbox (badness 10000) has occurred while \output is active
[]
 []

[77]
<figures/habib/ss1.png, id=565, 465.99094pt x 360.59718pt>
File: figures/habib/ss1.png Graphic file (type png)
<use figures/habib/ss1.png>
Package pdftex.def Info: figures/habib/ss1.png  used on input line 1694.
(pdftex.def)             Requested size: 85.35371pt x 85.3566pt.
<figures/habib/ss2.png, id=566, 466.74374pt x 362.85562pt>
File: figures/habib/ss2.png Graphic file (type png)
<use figures/habib/ss2.png>
Package pdftex.def Info: figures/habib/ss2.png  used on input line 1701.
(pdftex.def)             Requested size: 85.3563pt x 85.35413pt.
<figures/habib/ss3.png, id=567, 467.49657pt x 359.84438pt>
File: figures/habib/ss3.png Graphic file (type png)
<use figures/habib/ss3.png>
Package pdftex.def Info: figures/habib/ss3.png  used on input line 1708.
(pdftex.def)             Requested size: 85.35843pt x 85.35959pt.
<figures/habib/ss4.png, id=568, 465.99094pt x 361.35pt>
File: figures/habib/ss4.png Graphic file (type png)
<use figures/habib/ss4.png>
Package pdftex.def Info: figures/habib/ss4.png  used on input line 1715.
(pdftex.def)             Requested size: 85.35371pt x 85.35835pt.
<figures/habib/ss5.png, id=569, 465.99094pt x 362.85562pt>
File: figures/habib/ss5.png Graphic file (type png)
<use figures/habib/ss5.png>
Package pdftex.def Info: figures/habib/ss5.png  used on input line 1722.
(pdftex.def)             Requested size: 85.35371pt x 85.35413pt.
<figures/habib/ss6.png, id=570, 466.74374pt x 362.85562pt>
File: figures/habib/ss6.png Graphic file (type png)
<use figures/habib/ss6.png>
Package pdftex.def Info: figures/habib/ss6.png  used on input line 1729.
(pdftex.def)             Requested size: 85.3563pt x 85.35413pt.

Overfull \vbox (6.372pt too high) has occurred while \output is active []


Underfull \hbox (badness 10000) has occurred while \output is active
[]
 []

[78 <./figures/habib/ss1.png> <./figures/habib/ss2.png> <./figures/habib/ss3.pn
g>]
<figures/habib/ss7.png, id=578, 466.74374pt x 360.59718pt>
File: figures/habib/ss7.png Graphic file (type png)
<use figures/habib/ss7.png>
Package pdftex.def Info: figures/habib/ss7.png  used on input line 1736.
(pdftex.def)             Requested size: 85.3563pt x 85.3566pt.
)
Overfull \vbox (6.372pt too high) has occurred while \output is active []


Underfull \hbox (badness 10000) has occurred while \output is active
[]
 []

[79 <./figures/habib/ss4.png> <./figures/habib/ss5.png> <./figures/habib/ss6.pn
g>]
Overfull \vbox (6.372pt too high) has occurred while \output is active []


Underfull \hbox (badness 10000) has occurred while \output is active
[]
 []

[80 <./figures/habib/ss7.png>]
Bab 2.
(chapters/2.tex)
No file main.bbl.
[81

] [82

]
No file main.ind.
(main.aux)

LaTeX Warning: There were undefined references.


LaTeX Warning: There were multiply-defined labels.

 ) 
Here is how much of TeX's memory you used:
 4061 strings out of 492946
 63007 string characters out of 3135498
 304919 words of memory out of 3000000
 7741 multiletter control sequences out of 15000+200000
 64492 words of font info for 116 fonts, out of 3000000 for 9000
 1141 hyphenation exceptions out of 8191
 42i,14n,47p,1251b,383s stack positions out of 5000i,500n,10000p,200000b,50000s
{C:/Program Files/MiKTeX 2.9/fonts/enc/dvips/base/8r.enc}<C:/Program Files/Mi
KTeX 2.9/fonts/type1/public/amsfonts/cm/cmex10.pfb><C:/Program Files/MiKTeX 2.9
/fonts/type1/public/amsfonts/cm/cmmi10.pfb><C:/Program Files/MiKTeX 2.9/fonts/t
ype1/public/amsfonts/cm/cmmi7.pfb><C:/Program Files/MiKTeX 2.9/fonts/type1/publ
ic/amsfonts/cm/cmr10.pfb><C:/Program Files/MiKTeX 2.9/fonts/type1/public/amsfon
ts/cm/cmsy10.pfb><C:/Program Files/MiKTeX 2.9/fonts/type1/public/amsfonts/cm/cm
sy8.pfb><C:/Program Files/MiKTeX 2.9/fonts/type1/urw/helvetic/uhvb8a.pfb><C:/Pr
ogram Files/MiKTeX 2.9/fonts/type1/urw/helvetic/uhvbo8a.pfb><C:/Program Files/M
iKTeX 2.9/fonts/type1/urw/helvetic/uhvr8a.pfb><C:/Program Files/MiKTeX 2.9/font
s/type1/urw/times/utmb8a.pfb><C:/Program Files/MiKTeX 2.9/fonts/type1/urw/times
/utmbi8a.pfb><C:/Program Files/MiKTeX 2.9/fonts/type1/urw/times/utmr8a.pfb><C:/
Program Files/MiKTeX 2.9/fonts/type1/urw/times/utmri8a.pfb>
Output written on main.pdf (119 pages, 11972634 bytes).
PDF statistics:
 641 PDF objects out of 1000 (max. 8388607)
 0 named destinations out of 1000 (max. 500000)
 641 words of extra memory for PDF output out of 10000 (max. 10000000)

